g:\===code===\scp-e-amplify-2d_models_projectile_wip - core\amplify\temp_files\debug\vc120.pdb
g:\===code===\scp-e-amplify-2d_models_projectile_wip - core\amplify\temp_files\debug\vc120.idb
g:\===code===\scp-e-amplify-2d_models_projectile_wip - core\amplify\temp_files\debug\main.obj
g:\===code===\scp-e-amplify-2d_models_projectile_wip - core\amplify\temp_files\debug\ai.obj
g:\===code===\scp-e-amplify-2d_models_projectile_wip - core\amplify\temp_files\debug\gameobject.obj
g:\===code===\scp-e-amplify-2d_models_projectile_wip - core\amplify\temp_files\debug\player.obj
g:\===code===\scp-e-amplify-2d_models_projectile_wip - core\amplify\temp_files\debug\projectile.obj
g:\===code===\scp-e-amplify-2d_models_projectile_wip - core\amplify\temp_files\debug\buffer.obj
g:\===code===\scp-e-amplify-2d_models_projectile_wip - core\amplify\temp_files\debug\indexbuffer.obj
g:\===code===\scp-e-amplify-2d_models_projectile_wip - core\amplify\temp_files\debug\vertexarray.obj
g:\===code===\scp-e-amplify-2d_models_projectile_wip - core\amplify\temp_files\debug\shader.obj
g:\===code===\scp-e-amplify-2d_models_projectile_wip - core\amplify\temp_files\debug\controls.obj
g:\===code===\scp-e-amplify-2d_models_projectile_wip - core\amplify\temp_files\debug\controls_mp.obj
g:\===code===\scp-e-amplify-2d_models_projectile_wip - core\amplify\temp_files\debug\controls_mvp.obj
g:\===code===\scp-e-amplify-2d_models_projectile_wip - core\amplify\temp_files\debug\window.obj
g:\===code===\scp-e-amplify-2d_models_projectile_wip - core\amplify\temp_files\debug\mat4.obj
g:\===code===\scp-e-amplify-2d_models_projectile_wip - core\amplify\temp_files\debug\vec2.obj
g:\===code===\scp-e-amplify-2d_models_projectile_wip - core\amplify\temp_files\debug\vec3.obj
g:\===code===\scp-e-amplify-2d_models_projectile_wip - core\amplify\temp_files\debug\vec4.obj
g:\===code===\scp-e-amplify-2d_models_projectile_wip - core\amplify\temp_files\debug\input.obj
g:\===code===\scp-e-amplify-2d_models_projectile_wip - core\amplify\temp_files\debug\running.obj
g:\===code===\scp-e-amplify-2d_models_projectile_wip - core\amplify\bin\debug\amplify-baseline.ilk
g:\===code===\scp-e-amplify-2d_models_projectile_wip - core\amplify\bin\debug\amplify-baseline.exe
g:\===code===\scp-e-amplify-2d_models_projectile_wip - core\amplify\bin\debug\amplify-baseline.pdb
g:\===code===\scp-e-amplify-2d_models_projectile_wip - core\amplify\\bin\debug\amplify-baseline.pdb
g:\===code===\scp-e-amplify-2d_models_projectile_wip - core\amplify\\bin\debug\amplify-baseline.exe
g:\===code===\scp-e-amplify-2d_models_projectile_wip - core\amplify\\bin\debug\amplify-baseline.ilk
g:\===code===\scp-e-amplify-2d_models_projectile_wip - core\amplify\temp_files\debug\amplify-baseline.tlog\cl.command.1.tlog
g:\===code===\scp-e-amplify-2d_models_projectile_wip - core\amplify\temp_files\debug\amplify-baseline.tlog\cl.read.1.tlog
g:\===code===\scp-e-amplify-2d_models_projectile_wip - core\amplify\temp_files\debug\amplify-baseline.tlog\cl.write.1.tlog
g:\===code===\scp-e-amplify-2d_models_projectile_wip - core\amplify\temp_files\debug\amplify-baseline.tlog\link.command.1.tlog
g:\===code===\scp-e-amplify-2d_models_projectile_wip - core\amplify\temp_files\debug\amplify-baseline.tlog\link.read.1.tlog
g:\===code===\scp-e-amplify-2d_models_projectile_wip - core\amplify\temp_files\debug\amplify-baseline.tlog\link.write.1.tlog
