d:\zzz_temp\amplify2d_checkpoint1_v0599\amplify2d_checkpoint1_v05\amplify\temp_files\release\vc120.pdb
g:\===code===\noiembrie\amplify2d_checkpoint1_v0599_1.0\amplify2d_checkpoint1_v0599\amplify2d_checkpoint1_v05\amplify\temp_files\release\vc120.pdb
g:\===code===\noiembrie\amplify2d_checkpoint1_v0599_1.0\amplify2d_checkpoint1_v0599\amplify2d_checkpoint1_v05\amplify\temp_files\release\vec4.obj
g:\===code===\noiembrie\amplify2d_checkpoint1_v0599_1.0\amplify2d_checkpoint1_v0599\amplify2d_checkpoint1_v05\amplify\temp_files\release\vec3.obj
g:\===code===\noiembrie\amplify2d_checkpoint1_v0599_1.0\amplify2d_checkpoint1_v0599\amplify2d_checkpoint1_v05\amplify\temp_files\release\vec2.obj
g:\===code===\noiembrie\amplify2d_checkpoint1_v0599_1.0\amplify2d_checkpoint1_v0599\amplify2d_checkpoint1_v05\amplify\temp_files\release\mat4.obj
g:\===code===\noiembrie\amplify2d_checkpoint1_v0599_1.0\amplify2d_checkpoint1_v0599\amplify2d_checkpoint1_v05\amplify\temp_files\release\window.obj
g:\===code===\noiembrie\amplify2d_checkpoint1_v0599_1.0\amplify2d_checkpoint1_v0599\amplify2d_checkpoint1_v05\amplify\temp_files\release\controls_mvp.obj
g:\===code===\noiembrie\amplify2d_checkpoint1_v0599_1.0\amplify2d_checkpoint1_v0599\amplify2d_checkpoint1_v05\amplify\temp_files\release\controls_mp.obj
g:\===code===\noiembrie\amplify2d_checkpoint1_v0599_1.0\amplify2d_checkpoint1_v0599\amplify2d_checkpoint1_v05\amplify\temp_files\release\controls.obj
g:\===code===\noiembrie\amplify2d_checkpoint1_v0599_1.0\amplify2d_checkpoint1_v0599\amplify2d_checkpoint1_v05\amplify\temp_files\release\shader.obj
g:\===code===\noiembrie\amplify2d_checkpoint1_v0599_1.0\amplify2d_checkpoint1_v0599\amplify2d_checkpoint1_v05\amplify\temp_files\release\vertexarray.obj
g:\===code===\noiembrie\amplify2d_checkpoint1_v0599_1.0\amplify2d_checkpoint1_v0599\amplify2d_checkpoint1_v05\amplify\temp_files\release\indexbuffer.obj
g:\===code===\noiembrie\amplify2d_checkpoint1_v0599_1.0\amplify2d_checkpoint1_v0599\amplify2d_checkpoint1_v05\amplify\temp_files\release\buffer.obj
g:\===code===\noiembrie\amplify2d_checkpoint1_v0599_1.0\amplify2d_checkpoint1_v0599\amplify2d_checkpoint1_v05\amplify\temp_files\release\projectile.obj
g:\===code===\noiembrie\amplify2d_checkpoint1_v0599_1.0\amplify2d_checkpoint1_v0599\amplify2d_checkpoint1_v05\amplify\temp_files\release\player.obj
g:\===code===\noiembrie\amplify2d_checkpoint1_v0599_1.0\amplify2d_checkpoint1_v0599\amplify2d_checkpoint1_v05\amplify\temp_files\release\gameobject.obj
g:\===code===\noiembrie\amplify2d_checkpoint1_v0599_1.0\amplify2d_checkpoint1_v0599\amplify2d_checkpoint1_v05\amplify\temp_files\release\background.obj
g:\===code===\noiembrie\amplify2d_checkpoint1_v0599_1.0\amplify2d_checkpoint1_v0599\amplify2d_checkpoint1_v05\amplify\temp_files\release\ai.obj
g:\===code===\noiembrie\amplify2d_checkpoint1_v0650\amplify2d_checkpoint1_v05\amplify\temp_files\release\vc120.pdb
g:\===code===\noiembrie\amplify2d_checkpoint1_v0650\amplify2d_checkpoint1_v05\amplify\temp_files\release\vec4.obj
g:\===code===\noiembrie\amplify2d_checkpoint1_v0650\amplify2d_checkpoint1_v05\amplify\temp_files\release\vec3.obj
g:\===code===\noiembrie\amplify2d_checkpoint1_v0650\amplify2d_checkpoint1_v05\amplify\temp_files\release\vec2.obj
g:\===code===\noiembrie\amplify2d_checkpoint1_v0650\amplify2d_checkpoint1_v05\amplify\temp_files\release\mat4.obj
g:\===code===\noiembrie\amplify2d_checkpoint1_v0650\amplify2d_checkpoint1_v05\amplify\temp_files\release\window.obj
g:\===code===\noiembrie\amplify2d_checkpoint1_v0650\amplify2d_checkpoint1_v05\amplify\temp_files\release\controls_mvp.obj
g:\===code===\noiembrie\amplify2d_checkpoint1_v0650\amplify2d_checkpoint1_v05\amplify\temp_files\release\controls_mp.obj
g:\===code===\noiembrie\amplify2d_checkpoint1_v0650\amplify2d_checkpoint1_v05\amplify\temp_files\release\controls.obj
g:\===code===\noiembrie\amplify2d_checkpoint1_v0650\amplify2d_checkpoint1_v05\amplify\temp_files\release\shader.obj
g:\===code===\noiembrie\amplify2d_checkpoint1_v0650\amplify2d_checkpoint1_v05\amplify\temp_files\release\vertexarray.obj
g:\===code===\noiembrie\amplify2d_checkpoint1_v0650\amplify2d_checkpoint1_v05\amplify\temp_files\release\indexbuffer.obj
g:\===code===\noiembrie\amplify2d_checkpoint1_v0650\amplify2d_checkpoint1_v05\amplify\temp_files\release\buffer.obj
g:\===code===\noiembrie\amplify2d_checkpoint1_v0650\amplify2d_checkpoint1_v05\amplify\temp_files\release\projectile.obj
g:\===code===\noiembrie\amplify2d_checkpoint1_v0650\amplify2d_checkpoint1_v05\amplify\temp_files\release\player.obj
g:\===code===\noiembrie\amplify2d_checkpoint1_v0650\amplify2d_checkpoint1_v05\amplify\temp_files\release\gameobject.obj
g:\===code===\noiembrie\amplify2d_checkpoint1_v0650\amplify2d_checkpoint1_v05\amplify\temp_files\release\background.obj
g:\===code===\noiembrie\amplify2d_checkpoint1_v0650\amplify2d_checkpoint1_v05\amplify\temp_files\release\ai.obj
g:\===code===\noiembrie\amplify2d_checkpoint1_v0650\amplify2d_checkpoint1_v05\amplify\temp_files\release\running.obj
g:\===code===\noiembrie\amplify2d_checkpoint1_v0650\amplify2d_checkpoint1_v05\amplify\temp_files\release\layer.obj
g:\===code===\noiembrie\amplify2d_checkpoint1_v0650\amplify2d_checkpoint1_v05\amplify\temp_files\release\input.obj
g:\===code===\noiembrie\amplify2d_checkpoint1_v0650\amplify2d_checkpoint1_v05\amplify\temp_files\release\textobject.obj
g:\===code===\noiembrie\amplify2d_checkpoint1_v0650\amplify2d_checkpoint1_v05\amplify\temp_files\release\main.obj
d:\zzz_temp\amplify2d_checkpoint1_v0599\amplify2d_checkpoint1_v05\amplify\bin\release\amplify-baseline.exe
d:\zzz_temp\amplify2d_checkpoint1_v0599\amplify2d_checkpoint1_v05\amplify\bin\release\amplify-baseline.pdb
g:\===code===\noiembrie\amplify2d_checkpoint1_v0650\amplify2d_checkpoint1_v05\amplify\bin\release\amplify-baseline.exe
g:\===code===\noiembrie\amplify2d_checkpoint1_v0650\amplify2d_checkpoint1_v05\amplify\bin\release\amplify-baseline.pdb
d:\perpridev\amplify-2d\temp_files\release\ai.obj
d:\perpridev\amplify-2d\temp_files\release\background.obj
d:\perpridev\amplify-2d\temp_files\release\buffer.obj
d:\perpridev\amplify-2d\temp_files\release\controls.obj
d:\perpridev\amplify-2d\temp_files\release\controls_mp.obj
d:\perpridev\amplify-2d\temp_files\release\controls_mvp.obj
d:\perpridev\amplify-2d\temp_files\release\gameobject.obj
d:\perpridev\amplify-2d\temp_files\release\indexbuffer.obj
d:\perpridev\amplify-2d\temp_files\release\input.obj
d:\perpridev\amplify-2d\temp_files\release\layer.obj
d:\perpridev\amplify-2d\temp_files\release\main.obj
d:\perpridev\amplify-2d\temp_files\release\mat4.obj
d:\perpridev\amplify-2d\temp_files\release\player.obj
d:\perpridev\amplify-2d\temp_files\release\projectile.obj
d:\perpridev\amplify-2d\temp_files\release\running.obj
d:\perpridev\amplify-2d\temp_files\release\shader.obj
d:\perpridev\amplify-2d\temp_files\release\textobject.obj
d:\perpridev\amplify-2d\temp_files\release\vec2.obj
d:\perpridev\amplify-2d\temp_files\release\vec3.obj
d:\perpridev\amplify-2d\temp_files\release\vec4.obj
d:\perpridev\amplify-2d\temp_files\release\vertexarray.obj
d:\perpridev\amplify-2d\temp_files\release\window.obj
d:\perpridev\amplify-2d\temp_files\release\vc120.pdb
d:\perpridev\amplify-2d\\bin\release\amplify-baseline.pdb
d:\perpridev\amplify-2d\\bin\release\amplify-baseline.exe
d:\perpridev\amplify-2d\temp_files\release\amplify-baseline.tlog\cl.command.1.tlog
d:\perpridev\amplify-2d\temp_files\release\amplify-baseline.tlog\cl.read.1.tlog
d:\perpridev\amplify-2d\temp_files\release\amplify-baseline.tlog\cl.write.1.tlog
d:\perpridev\amplify-2d\temp_files\release\amplify-baseline.tlog\link.command.1.tlog
d:\perpridev\amplify-2d\temp_files\release\amplify-baseline.tlog\link.read.1.tlog
d:\perpridev\amplify-2d\temp_files\release\amplify-baseline.tlog\link.write.1.tlog
